C51 COMPILER V9.01   MAIN                                                                  08/07/2018 19:40:01 PAGE 1   


C51 COMPILER V9.01, COMPILATION OF MODULE MAIN
OBJECT MODULE PLACED IN main.OBJ
COMPILER INVOKED BY: E:\Keil4\C51\BIN\C51.EXE main.c BROWSE INCDIR(.\src\app;.\src\include;.\src\driver) DEBUG OBJECTEXT
                    -END

line level    source

   1          #include <reg51.h>
   2          #include "led.h"
   3          int main(void){
   4   1              testLed();
   5   1              while(1);
   6   1              return 0;
   7   1      }


MODULE INFORMATION:   STATIC OVERLAYABLE
   CODE SIZE        =      5    ----
   CONSTANT SIZE    =   ----    ----
   XDATA SIZE       =   ----    ----
   PDATA SIZE       =   ----    ----
   DATA SIZE        =   ----    ----
   IDATA SIZE       =   ----    ----
   BIT SIZE         =   ----    ----
END OF MODULE INFORMATION.


C51 COMPILATION COMPLETE.  0 WARNING(S),  0 ERROR(S)
